The system is: Windows - 10.0.14393 - AMD64
Compiling the C compiler identification source file "CMakeCCompilerId.c" succeeded.
Compiler: E:/VisualStudio/VC/Tools/MSVC/14.24.28314/bin/HostX64/x64/cl.exe 
Build flags: /DWIN32;/D_WINDOWS;/W3
Id flags:  

The output was:
0
Microsoft (R) C/C++ Optimizing Compiler Version 19.24.28315 for x64
Copyright (C) Microsoft Corporation.  All rights reserved.

CMakeCCompilerId.c
Microsoft (R) Incremental Linker Version 14.24.28315.0
Copyright (C) Microsoft Corporation.  All rights reserved.

/out:CMakeCCompilerId.exe 
CMakeCCompilerId.obj 


Compilation of the C compiler identification source "CMakeCCompilerId.c" produced "CMakeCCompilerId.exe"

Compilation of the C compiler identification source "CMakeCCompilerId.c" produced "CMakeCCompilerId.obj"

The C compiler identification is MSVC, found in "C:/Users/zferh/source/repos/acc-cosc-1337-spring-2020-zdfehr1234/out/build/x64-Debug/CMakeFiles/3.15.19101501-MSVC_2/CompilerIdC/CMakeCCompilerId.exe"

Compiling the CXX compiler identification source file "CMakeCXXCompilerId.cpp" succeeded.
Compiler: E:/VisualStudio/VC/Tools/MSVC/14.24.28314/bin/HostX64/x64/cl.exe 
Build flags: /DWIN32;/D_WINDOWS;/W3;/GR;/EHsc
Id flags:  

The output was:
0
Microsoft (R) C/C++ Optimizing Compiler Version 19.24.28315 for x64
Copyright (C) Microsoft Corporation.  All rights reserved.

CMakeCXXCompilerId.cpp
Microsoft (R) Incremental Linker Version 14.24.28315.0
Copyright (C) Microsoft Corporation.  All rights reserved.

/out:CMakeCXXCompilerId.exe 
CMakeCXXCompilerId.obj 


Compilation of the CXX compiler identification source "CMakeCXXCompilerId.cpp" produced "CMakeCXXCompilerId.exe"

Compilation of the CXX compiler identification source "CMakeCXXCompilerId.cpp" produced "CMakeCXXCompilerId.obj"

The CXX compiler identification is MSVC, found in "C:/Users/zferh/source/repos/acc-cosc-1337-spring-2020-zdfehr1234/out/build/x64-Debug/CMakeFiles/3.15.19101501-MSVC_2/CompilerIdCXX/CMakeCXXCompilerId.exe"

Determining if the C compiler works passed with the following output:
Change Dir: C:/Users/zferh/source/repos/acc-cosc-1337-spring-2020-zdfehr1234/out/build/x64-Debug/CMakeFiles/CMakeTmp

Run Build Command(s):E:\VISUALSTUDIO\COMMON7\IDE\COMMONEXTENSIONS\MICROSOFT\CMAKE\Ninja\ninja.exe cmTC_f9fe6 && [1/2] Building C object CMakeFiles\cmTC_f9fe6.dir\testCCompiler.c.obj
[2/2] Linking C executable cmTC_f9fe6.exe



Detecting C compiler ABI info compiled with the following output:
Change Dir: C:/Users/zferh/source/repos/acc-cosc-1337-spring-2020-zdfehr1234/out/build/x64-Debug/CMakeFiles/CMakeTmp

Run Build Command(s):E:\VISUALSTUDIO\COMMON7\IDE\COMMONEXTENSIONS\MICROSOFT\CMAKE\Ninja\ninja.exe cmTC_fac07 && [1/2] Building C object CMakeFiles\cmTC_fac07.dir\CMakeCCompilerABI.c.obj
[2/2] Linking C executable cmTC_fac07.exe



Determining if the CXX compiler works passed with the following output:
Change Dir: C:/Users/zferh/source/repos/acc-cosc-1337-spring-2020-zdfehr1234/out/build/x64-Debug/CMakeFiles/CMakeTmp

Run Build Command(s):E:\VISUALSTUDIO\COMMON7\IDE\COMMONEXTENSIONS\MICROSOFT\CMAKE\Ninja\ninja.exe cmTC_84344 && [1/2] Building CXX object CMakeFiles\cmTC_84344.dir\testCXXCompiler.cxx.obj
[2/2] Linking CXX executable cmTC_84344.exe



Detecting CXX compiler ABI info compiled with the following output:
Change Dir: C:/Users/zferh/source/repos/acc-cosc-1337-spring-2020-zdfehr1234/out/build/x64-Debug/CMakeFiles/CMakeTmp

Run Build Command(s):E:\VISUALSTUDIO\COMMON7\IDE\COMMONEXTENSIONS\MICROSOFT\CMAKE\Ninja\ninja.exe cmTC_7201b && [1/2] Building CXX object CMakeFiles\cmTC_7201b.dir\CMakeCXXCompilerABI.cpp.obj
[2/2] Linking CXX executable cmTC_7201b.exe



